 PySCF Reader: 
    - nbnd  = 11
    - nspin = 1
    - nkpts = 1
    - nelec = 4.0
    - ecutrho = 503.56963919088713
    - fft mesh: (45,45,45)

*******************************
 THC-ERI reader: 
*******************************
    - Np       = 22
    - intpts type: q_indep, cholesky
    - eri storage: incore
    - dump ERIs to thc_eri_2.h5

###### RPA energy routines start ######

One-electron energy:       -4.682397076391911 a.u.
Hartree-Fock energy:       -0.26756945553217293 a.u.
RPA energy:                -0.372255425966718 a.u.
Total energy:              -5.322221957890802 a.u.

####### RPA energy routines end #######

