Mon Jun 26 17:58:09 EDT 2023
/mnt/sw/nix/store/6a11b1qfnfwxjzs8q4xnlid1z3mvkz9l-python-3.9.12-view/lib/python3.9/site-packages/h5py/__init__.py:36: UserWarning: h5py is running against HDF5 1.10.9 when it was built against 1.10.8, this may cause problems
  _warn(("h5py is running against HDF5 {0} when it was built against {1}, "

libgomp: Invalid value for environment variable OMP_NUM_THREADS
WARNING!
  Very diffused basis functions are found in the basis set. They may lead to severe
  linear dependence and numerical instability.  You can set  cell.exp_to_discard=0.1
  to remove the diffused Gaussians whose exponents are less than 0.1.

#INFO: **** input file is /mnt/ceph/users/cyeh/bdft_examples/thc_eris/LiH_supercell/333/ao/scf.py ****
#!/usr/bin/env python

import os
from pyscf.pbc import gto, scf, dft, df
from pyscf.gto.basis import parse_nwchem
import pyscf_interface as pyscf_api

atom = '''
Li 0.00000000e+00 0.00000000e+00 0.00000000e+00
H  2.04150000e+00 2.04150000e+00 2.04150000e+00
Li 2.04150000e+00 2.04150000e+00 0.00000000e+00
H  4.08300000e+00 4.08300000e+00 2.04150000e+00
Li 4.08300000e+00 4.08300000e+00 0.00000000e+00
H  6.12450000e+00 6.12450000e+00 2.04150000e+00
Li 2.04150000e+00 3.95567955e-33 2.04150000e+00
H  4.08300000e+00 2.04150000e+00 4.08300000e+00
Li 4.08300000e+00 2.04150000e+00 2.04150000e+00
H  6.12450000e+00 4.08300000e+00 4.08300000e+00
Li 6.12450000e+00 4.08300000e+00 2.04150000e+00
H  8.16600000e+00 6.12450000e+00 4.08300000e+00
Li 4.08300000e+00 1.69827901e-32 4.08300000e+00
H  6.12450000e+00 2.04150000e+00 6.12450000e+00
Li 6.12450000e+00 2.04150000e+00 4.08300000e+00
H  8.16600000e+00 4.08300000e+00 6.12450000e+00
Li 8.16600000e+00 4.08300000e+00 4.08300000e+00
H  1.02075000e+01 6.12450000e+00 6.12450000e+00
Li 3.95567955e-33 2.04150000e+00 2.04150000e+00
H  2.04150000e+00 4.08300000e+00 4.08300000e+00
Li 2.04150000e+00 4.08300000e+00 2.04150000e+00
H  4.08300000e+00 6.12450000e+00 4.08300000e+00
Li 4.08300000e+00 6.12450000e+00 2.04150000e+00
H  6.12450000e+00 8.16600000e+00 4.08300000e+00
Li 2.04150000e+00 2.04150000e+00 4.08300000e+00
H  4.08300000e+00 4.08300000e+00 6.12450000e+00
Li 4.08300000e+00 4.08300000e+00 4.08300000e+00
H  6.12450000e+00 6.12450000e+00 6.12450000e+00
Li 6.12450000e+00 6.12450000e+00 4.08300000e+00
H  8.16600000e+00 8.16600000e+00 6.12450000e+00
Li 4.08300000e+00 2.04150000e+00 6.12450000e+00
H  6.12450000e+00 4.08300000e+00 8.16600000e+00
Li 6.12450000e+00 4.08300000e+00 6.12450000e+00
H  8.16600000e+00 6.12450000e+00 8.16600000e+00
Li 8.16600000e+00 6.12450000e+00 6.12450000e+00
H  1.02075000e+01 8.16600000e+00 8.16600000e+00
Li 1.69827901e-32 4.08300000e+00 4.08300000e+00
H  2.04150000e+00 6.12450000e+00 6.12450000e+00
Li 2.04150000e+00 6.12450000e+00 4.08300000e+00
H  4.08300000e+00 8.16600000e+00 6.12450000e+00
Li 4.08300000e+00 8.16600000e+00 4.08300000e+00
H  6.12450000e+00 1.02075000e+01 6.12450000e+00
Li 2.04150000e+00 4.08300000e+00 6.12450000e+00
H  4.08300000e+00 6.12450000e+00 8.16600000e+00
Li 4.08300000e+00 6.12450000e+00 6.12450000e+00
H  6.12450000e+00 8.16600000e+00 8.16600000e+00
Li 6.12450000e+00 8.16600000e+00 6.12450000e+00
H  8.16600000e+00 1.02075000e+01 8.16600000e+00
Li 4.08300000e+00 4.08300000e+00 8.16600000e+00
H  6.12450000e+00 6.12450000e+00 1.02075000e+01
Li 6.12450000e+00 6.12450000e+00 8.16600000e+00
H  8.16600000e+00 8.16600000e+00 1.02075000e+01
Li 8.16600000e+00 8.16600000e+00 8.16600000e+00
H  1.02075000e+01 1.02075000e+01 1.02075000e+01
'''

cell = gto.M(
    a = '''0.0, 6.1245, 6.1245
           6.1245, 0.0, 6.1245
           6.1245, 6.1245, 0.0''',
    atom = atom, 
    pseudo = 'gth-pbe',          
    basis = 'gth-dzvp-molopt-sr',
    verbose = 4
)

nk = [1,1,1] 
kpts = cell.make_kpts(nk)

kmf = scf.KRKS(cell, kpts)
kmf.xc = 'pbe'
kmf.kernel()
kmf.analyze()

if pyscf_api.dump_to_h5(kmf, MO=False, outdir='./', prefix='pyscf') != 0: 
    raise ValueError("pyscf_api.dump() fail!")

#if pyscf_api.dump_to_h5(kmf, MO=True, outdir='./', prefix='pyscf') != 0:
#    raise ValueError("pyscf_api.dump() fail!")
#INFO: ******************** input file end ********************


System: uname_result(system='Linux', node='worker5222', release='5.15.117.1.fi', version='#1 SMP Sun Jun 18 18:32:44 EDT 2023', machine='x86_64')  Threads 16
Python 3.9.12 (main, Jun 28 2022, 13:26:56) 
[GCC 11.2.0]
numpy 1.24.2  scipy 1.8.0
Date: Mon Jun 26 17:58:15 2023
PySCF version 2.1.1
PySCF path  /mnt/home/cyeh/py_env/cny_py39/lib/python3.9/site-packages/pyscf

[CONFIG] conf_file None
[INPUT] verbose = 4
[INPUT] num. atoms = 54
[INPUT] num. electrons = 108
[INPUT] charge = 0
[INPUT] spin (= nelec alpha-beta = 2S) = 0
[INPUT] symmetry False subgroup None
[INPUT] Mole.unit = angstrom
[INPUT] Symbol           X                Y                Z      unit          X                Y                Z       unit  Magmom
[INPUT]  1 Li     0.000000000000   0.000000000000   0.000000000000 AA    0.000000000000   0.000000000000   0.000000000000 Bohr   0.0
[INPUT]  2 H      2.041500000000   2.041500000000   2.041500000000 AA    3.857875883300   3.857875883300   3.857875883300 Bohr   0.0
[INPUT]  3 Li     2.041500000000   2.041500000000   0.000000000000 AA    3.857875883300   3.857875883300   0.000000000000 Bohr   0.0
[INPUT]  4 H      4.083000000000   4.083000000000   2.041500000000 AA    7.715751766599   7.715751766599   3.857875883300 Bohr   0.0
[INPUT]  5 Li     4.083000000000   4.083000000000   0.000000000000 AA    7.715751766599   7.715751766599   0.000000000000 Bohr   0.0
[INPUT]  6 H      6.124500000000   6.124500000000   2.041500000000 AA   11.573627649899  11.573627649899   3.857875883300 Bohr   0.0
[INPUT]  7 Li     2.041500000000   0.000000000000   2.041500000000 AA    3.857875883300   0.000000000000   3.857875883300 Bohr   0.0
[INPUT]  8 H      4.083000000000   2.041500000000   4.083000000000 AA    7.715751766599   3.857875883300   7.715751766599 Bohr   0.0
[INPUT]  9 Li     4.083000000000   2.041500000000   2.041500000000 AA    7.715751766599   3.857875883300   3.857875883300 Bohr   0.0
[INPUT] 10 H      6.124500000000   4.083000000000   4.083000000000 AA   11.573627649899   7.715751766599   7.715751766599 Bohr   0.0
[INPUT] 11 Li     6.124500000000   4.083000000000   2.041500000000 AA   11.573627649899   7.715751766599   3.857875883300 Bohr   0.0
[INPUT] 12 H      8.166000000000   6.124500000000   4.083000000000 AA   15.431503533198  11.573627649899   7.715751766599 Bohr   0.0
[INPUT] 13 Li     4.083000000000   0.000000000000   4.083000000000 AA    7.715751766599   0.000000000000   7.715751766599 Bohr   0.0
[INPUT] 14 H      6.124500000000   2.041500000000   6.124500000000 AA   11.573627649899   3.857875883300  11.573627649899 Bohr   0.0
[INPUT] 15 Li     6.124500000000   2.041500000000   4.083000000000 AA   11.573627649899   3.857875883300   7.715751766599 Bohr   0.0
[INPUT] 16 H      8.166000000000   4.083000000000   6.124500000000 AA   15.431503533198   7.715751766599  11.573627649899 Bohr   0.0
[INPUT] 17 Li     8.166000000000   4.083000000000   4.083000000000 AA   15.431503533198   7.715751766599   7.715751766599 Bohr   0.0
[INPUT] 18 H     10.207500000000   6.124500000000   6.124500000000 AA   19.289379416498  11.573627649899  11.573627649899 Bohr   0.0
[INPUT] 19 Li     0.000000000000   2.041500000000   2.041500000000 AA    0.000000000000   3.857875883300   3.857875883300 Bohr   0.0
[INPUT] 20 H      2.041500000000   4.083000000000   4.083000000000 AA    3.857875883300   7.715751766599   7.715751766599 Bohr   0.0
[INPUT] 21 Li     2.041500000000   4.083000000000   2.041500000000 AA    3.857875883300   7.715751766599   3.857875883300 Bohr   0.0
[INPUT] 22 H      4.083000000000   6.124500000000   4.083000000000 AA    7.715751766599  11.573627649899   7.715751766599 Bohr   0.0
[INPUT] 23 Li     4.083000000000   6.124500000000   2.041500000000 AA    7.715751766599  11.573627649899   3.857875883300 Bohr   0.0
[INPUT] 24 H      6.124500000000   8.166000000000   4.083000000000 AA   11.573627649899  15.431503533198   7.715751766599 Bohr   0.0
[INPUT] 25 Li     2.041500000000   2.041500000000   4.083000000000 AA    3.857875883300   3.857875883300   7.715751766599 Bohr   0.0
[INPUT] 26 H      4.083000000000   4.083000000000   6.124500000000 AA    7.715751766599   7.715751766599  11.573627649899 Bohr   0.0
[INPUT] 27 Li     4.083000000000   4.083000000000   4.083000000000 AA    7.715751766599   7.715751766599   7.715751766599 Bohr   0.0
[INPUT] 28 H      6.124500000000   6.124500000000   6.124500000000 AA   11.573627649899  11.573627649899  11.573627649899 Bohr   0.0
[INPUT] 29 Li     6.124500000000   6.124500000000   4.083000000000 AA   11.573627649899  11.573627649899   7.715751766599 Bohr   0.0
[INPUT] 30 H      8.166000000000   8.166000000000   6.124500000000 AA   15.431503533198  15.431503533198  11.573627649899 Bohr   0.0
[INPUT] 31 Li     4.083000000000   2.041500000000   6.124500000000 AA    7.715751766599   3.857875883300  11.573627649899 Bohr   0.0
[INPUT] 32 H      6.124500000000   4.083000000000   8.166000000000 AA   11.573627649899   7.715751766599  15.431503533198 Bohr   0.0
[INPUT] 33 Li     6.124500000000   4.083000000000   6.124500000000 AA   11.573627649899   7.715751766599  11.573627649899 Bohr   0.0
[INPUT] 34 H      8.166000000000   6.124500000000   8.166000000000 AA   15.431503533198  11.573627649899  15.431503533198 Bohr   0.0
[INPUT] 35 Li     8.166000000000   6.124500000000   6.124500000000 AA   15.431503533198  11.573627649899  11.573627649899 Bohr   0.0
[INPUT] 36 H     10.207500000000   8.166000000000   8.166000000000 AA   19.289379416498  15.431503533198  15.431503533198 Bohr   0.0
[INPUT] 37 Li     0.000000000000   4.083000000000   4.083000000000 AA    0.000000000000   7.715751766599   7.715751766599 Bohr   0.0
[INPUT] 38 H      2.041500000000   6.124500000000   6.124500000000 AA    3.857875883300  11.573627649899  11.573627649899 Bohr   0.0
[INPUT] 39 Li     2.041500000000   6.124500000000   4.083000000000 AA    3.857875883300  11.573627649899   7.715751766599 Bohr   0.0
[INPUT] 40 H      4.083000000000   8.166000000000   6.124500000000 AA    7.715751766599  15.431503533198  11.573627649899 Bohr   0.0
[INPUT] 41 Li     4.083000000000   8.166000000000   4.083000000000 AA    7.715751766599  15.431503533198   7.715751766599 Bohr   0.0
[INPUT] 42 H      6.124500000000  10.207500000000   6.124500000000 AA   11.573627649899  19.289379416498  11.573627649899 Bohr   0.0
[INPUT] 43 Li     2.041500000000   4.083000000000   6.124500000000 AA    3.857875883300   7.715751766599  11.573627649899 Bohr   0.0
[INPUT] 44 H      4.083000000000   6.124500000000   8.166000000000 AA    7.715751766599  11.573627649899  15.431503533198 Bohr   0.0
[INPUT] 45 Li     4.083000000000   6.124500000000   6.124500000000 AA    7.715751766599  11.573627649899  11.573627649899 Bohr   0.0
[INPUT] 46 H      6.124500000000   8.166000000000   8.166000000000 AA   11.573627649899  15.431503533198  15.431503533198 Bohr   0.0
[INPUT] 47 Li     6.124500000000   8.166000000000   6.124500000000 AA   11.573627649899  15.431503533198  11.573627649899 Bohr   0.0
[INPUT] 48 H      8.166000000000  10.207500000000   8.166000000000 AA   15.431503533198  19.289379416498  15.431503533198 Bohr   0.0
[INPUT] 49 Li     4.083000000000   4.083000000000   8.166000000000 AA    7.715751766599   7.715751766599  15.431503533198 Bohr   0.0
[INPUT] 50 H      6.124500000000   6.124500000000  10.207500000000 AA   11.573627649899  11.573627649899  19.289379416498 Bohr   0.0
[INPUT] 51 Li     6.124500000000   6.124500000000   8.166000000000 AA   11.573627649899  11.573627649899  15.431503533198 Bohr   0.0
[INPUT] 52 H      8.166000000000   8.166000000000  10.207500000000 AA   15.431503533198  15.431503533198  19.289379416498 Bohr   0.0
[INPUT] 53 Li     8.166000000000   8.166000000000   8.166000000000 AA   15.431503533198  15.431503533198  15.431503533198 Bohr   0.0
[INPUT] 54 H     10.207500000000  10.207500000000  10.207500000000 AA   19.289379416498  19.289379416498  19.289379416498 Bohr   0.0

nuclear repulsion = -91.6598622183823
number of shells = 108
number of NR pGTOs = 1080
number of NR cGTOs = 297
basis = gth-dzvp-molopt-sr
ecp = {}
CPU time:         2.51
lattice vectors  a1 [0.000000000, 11.573627650, 11.573627650]
                 a2 [11.573627650, 0.000000000, 11.573627650]
                 a3 [11.573627650, 11.573627650, 0.000000000]
dimension = 3
low_dim_ft_type = None
Cell volume = 3100.55
rcut = 42.135626408510646 (nimgs = [4 4 4])
lattice sum = 341 cells
precision = 1e-08
pseudo = gth-pbe
ke_cutoff = 499.339343076142
    = [135 135 135] mesh (2460375 PWs)


******** <class 'pyscf.pbc.dft.krks.KRKS'> ********
method = KRKS-KohnShamDFT
initial guess = minao
damping factor = 0
level_shift factor = 0
DIIS = <class 'pyscf.scf.diis.CDIIS'>
diis_start_cycle = 1
diis_space = 8
SCF conv_tol = 1e-07
SCF conv_tol_grad = None
SCF max_cycles = 50
direct_scf = True
direct_scf_tol = 1e-13
chkfile to save SCF result = /tmp/tmp1s8ubple
max_memory 4000 MB (current use 66 MB)


******** PBC SCF flags ********
N kpts = 1
Exchange divergence treatment (exxdiv) = ewald
    madelung (= occupied orbital energy shift) = 0.19807368188409846
    Total energy shift due to Ewald probe charge = -1/2 * Nelec*madelung = -10.6959788217
DF object = <pyscf.pbc.df.fft.FFTDF object at 0x15553a9f44f0>
XC functionals = pbe
small_rho_cutoff = 1e-07
Uniform grid, mesh = [135 135 135]
Set gradient conv threshold to 0.000316228

libgomp: Invalid value for environment variable OMP_NUM_THREADS
init E= -218.022764154069
HOMO = -0.017412258777  LUMO = 0.203455804191
cycle= 1 E= -218.019577820006  delta_E= 0.00319  |g|= 0.195  |ddm|= 11.3
HOMO = -0.00721245224772  LUMO = 0.210403500903
cycle= 2 E= -218.024478050379  delta_E= -0.0049  |g|= 0.0961  |ddm|=  1.9
HOMO = -0.0114779371828  LUMO = 0.210925276702
cycle= 3 E= -218.028656660883  delta_E= -0.00418  |g|= 0.0339  |ddm|= 0.481
HOMO = -0.0147942382495  LUMO = 0.210902905463
cycle= 4 E= -218.02923382981  delta_E= -0.000577  |g|= 0.00598  |ddm|= 0.13
HOMO = -0.0146642106615  LUMO = 0.210977971897
cycle= 5 E= -218.029249455538  delta_E= -1.56e-05  |g|= 0.0016  |ddm|= 0.0314
HOMO = -0.0146892923194  LUMO = 0.211059827512
cycle= 6 E= -218.02925070434  delta_E= -1.25e-06  |g|= 0.000266  |ddm|= 0.00871
HOMO = -0.014699315839  LUMO = 0.211071600259
cycle= 7 E= -218.029250733826  delta_E= -2.95e-08  |g|= 5.13e-05  |ddm|= 0.00203
HOMO = -0.0147040739978  LUMO = 0.211070888267
Extra cycle  E= -218.029250734337  delta_E= -5.1e-10  |g|= 3.93e-05  |ddm|= 0.000429
converged SCF energy = -218.029250734337
**** SCF Summaries ****
Total Energy =                        -218.029250734336500
Nuclear Repulsion Energy =             -91.659862218382301
One-electron Energy =                 -119.704459676558713
Two-electron Coulomb Energy =           53.158349575810156
DFT Exchange-Correlation Energy =      -59.823278415205635
Analyze output for *gamma point*
    To include the contributions from k-points, transform to a supercell then run the population analysis on the supercell
        from pyscf.pbc.tools import k2gamma
        k2gamma.k2gamma(mf).mulliken_meta()
KRHF mulliken_meta
 ** Mulliken pop on meta-lowdin orthogonal AOs **
 ** Mulliken pop  **
pop of  0 Li 1s        1.99937
pop of  0 Li 2s        0.58397
pop of  0 Li 3s        0.00287
pop of  0 Li 2px       0.03284
pop of  0 Li 2py       0.03284
pop of  0 Li 2pz       0.03284
pop of  1 H 1s        1.31143
pop of  1 H 2s        0.00069
pop of  1 H 2px       0.00106
pop of  1 H 2py       0.00106
pop of  1 H 2pz       0.00106
pop of  2 Li 1s        1.99937
pop of  2 Li 2s        0.58397
pop of  2 Li 3s        0.00287
pop of  2 Li 2px       0.03284
pop of  2 Li 2py       0.03284
pop of  2 Li 2pz       0.03283
pop of  3 H 1s        1.31142
pop of  3 H 2s        0.00069
pop of  3 H 2px       0.00106
pop of  3 H 2py       0.00106
pop of  3 H 2pz       0.00106
pop of  4 Li 1s        1.99937
pop of  4 Li 2s        0.58397
pop of  4 Li 3s        0.00287
pop of  4 Li 2px       0.03283
pop of  4 Li 2py       0.03283
pop of  4 Li 2pz       0.03283
pop of  5 H 1s        1.31143
pop of  5 H 2s        0.00069
pop of  5 H 2px       0.00106
pop of  5 H 2py       0.00106
pop of  5 H 2pz       0.00106
pop of  6 Li 1s        1.99937
pop of  6 Li 2s        0.58397
pop of  6 Li 3s        0.00287
pop of  6 Li 2px       0.03284
pop of  6 Li 2py       0.03283
pop of  6 Li 2pz       0.03284
pop of  7 H 1s        1.31142
pop of  7 H 2s        0.00069
pop of  7 H 2px       0.00106
pop of  7 H 2py       0.00106
pop of  7 H 2pz       0.00106
pop of  8 Li 1s        1.99937
pop of  8 Li 2s        0.58397
pop of  8 Li 3s        0.00287
pop of  8 Li 2px       0.03283
pop of  8 Li 2py       0.03284
pop of  8 Li 2pz       0.03284
pop of  9 H 1s        1.31142
pop of  9 H 2s        0.00069
pop of  9 H 2px       0.00106
pop of  9 H 2py       0.00106
pop of  9 H 2pz       0.00106
pop of  10 Li 1s        1.99937
pop of  10 Li 2s        0.58397
pop of  10 Li 3s        0.00287
pop of  10 Li 2px       0.03284
pop of  10 Li 2py       0.03283
pop of  10 Li 2pz       0.03284
pop of  11 H 1s        1.31142
pop of  11 H 2s        0.00069
pop of  11 H 2px       0.00106
pop of  11 H 2py       0.00106
pop of  11 H 2pz       0.00106
pop of  12 Li 1s        1.99937
pop of  12 Li 2s        0.58397
pop of  12 Li 3s        0.00287
pop of  12 Li 2px       0.03283
pop of  12 Li 2py       0.03283
pop of  12 Li 2pz       0.03283
pop of  13 H 1s        1.31143
pop of  13 H 2s        0.00069
pop of  13 H 2px       0.00106
pop of  13 H 2py       0.00106
pop of  13 H 2pz       0.00106
pop of  14 Li 1s        1.99937
pop of  14 Li 2s        0.58397
pop of  14 Li 3s        0.00287
pop of  14 Li 2px       0.03284
pop of  14 Li 2py       0.03284
pop of  14 Li 2pz       0.03283
pop of  15 H 1s        1.31142
pop of  15 H 2s        0.00069
pop of  15 H 2px       0.00106
pop of  15 H 2py       0.00106
pop of  15 H 2pz       0.00106
pop of  16 Li 1s        1.99937
pop of  16 Li 2s        0.58397
pop of  16 Li 3s        0.00287
pop of  16 Li 2px       0.03283
pop of  16 Li 2py       0.03283
pop of  16 Li 2pz       0.03283
pop of  17 H 1s        1.31142
pop of  17 H 2s        0.00069
pop of  17 H 2px       0.00106
pop of  17 H 2py       0.00106
pop of  17 H 2pz       0.00106
pop of  18 Li 1s        1.99937
pop of  18 Li 2s        0.58397
pop of  18 Li 3s        0.00287
pop of  18 Li 2px       0.03283
pop of  18 Li 2py       0.03284
pop of  18 Li 2pz       0.03284
pop of  19 H 1s        1.31142
pop of  19 H 2s        0.00069
pop of  19 H 2px       0.00106
pop of  19 H 2py       0.00106
pop of  19 H 2pz       0.00106
pop of  20 Li 1s        1.99937
pop of  20 Li 2s        0.58397
pop of  20 Li 3s        0.00287
pop of  20 Li 2px       0.03284
pop of  20 Li 2py       0.03283
pop of  20 Li 2pz       0.03284
pop of  21 H 1s        1.31142
pop of  21 H 2s        0.00069
pop of  21 H 2px       0.00106
pop of  21 H 2py       0.00106
pop of  21 H 2pz       0.00106
pop of  22 Li 1s        1.99937
pop of  22 Li 2s        0.58397
pop of  22 Li 3s        0.00287
pop of  22 Li 2px       0.03283
pop of  22 Li 2py       0.03284
pop of  22 Li 2pz       0.03284
pop of  23 H 1s        1.31142
pop of  23 H 2s        0.00069
pop of  23 H 2px       0.00106
pop of  23 H 2py       0.00106
pop of  23 H 2pz       0.00106
pop of  24 Li 1s        1.99937
pop of  24 Li 2s        0.58397
pop of  24 Li 3s        0.00287
pop of  24 Li 2px       0.03284
pop of  24 Li 2py       0.03284
pop of  24 Li 2pz       0.03283
pop of  25 H 1s        1.31142
pop of  25 H 2s        0.00069
pop of  25 H 2px       0.00106
pop of  25 H 2py       0.00106
pop of  25 H 2pz       0.00106
pop of  26 Li 1s        1.99937
pop of  26 Li 2s        0.58396
pop of  26 Li 3s        0.00287
pop of  26 Li 2px       0.03283
pop of  26 Li 2py       0.03283
pop of  26 Li 2pz       0.03283
pop of  27 H 1s        1.31143
pop of  27 H 2s        0.00069
pop of  27 H 2px       0.00106
pop of  27 H 2py       0.00106
pop of  27 H 2pz       0.00106
pop of  28 Li 1s        1.99937
pop of  28 Li 2s        0.58397
pop of  28 Li 3s        0.00287
pop of  28 Li 2px       0.03284
pop of  28 Li 2py       0.03284
pop of  28 Li 2pz       0.03283
pop of  29 H 1s        1.31143
pop of  29 H 2s        0.00069
pop of  29 H 2px       0.00106
pop of  29 H 2py       0.00106
pop of  29 H 2pz       0.00106
pop of  30 Li 1s        1.99937
pop of  30 Li 2s        0.58397
pop of  30 Li 3s        0.00287
pop of  30 Li 2px       0.03283
pop of  30 Li 2py       0.03284
pop of  30 Li 2pz       0.03284
pop of  31 H 1s        1.31142
pop of  31 H 2s        0.00069
pop of  31 H 2px       0.00106
pop of  31 H 2py       0.00106
pop of  31 H 2pz       0.00106
pop of  32 Li 1s        1.99937
pop of  32 Li 2s        0.58397
pop of  32 Li 3s        0.00287
pop of  32 Li 2px       0.03284
pop of  32 Li 2py       0.03283
pop of  32 Li 2pz       0.03284
pop of  33 H 1s        1.31143
pop of  33 H 2s        0.00069
pop of  33 H 2px       0.00106
pop of  33 H 2py       0.00106
pop of  33 H 2pz       0.00106
pop of  34 Li 1s        1.99937
pop of  34 Li 2s        0.58397
pop of  34 Li 3s        0.00287
pop of  34 Li 2px       0.03283
pop of  34 Li 2py       0.03284
pop of  34 Li 2pz       0.03284
pop of  35 H 1s        1.31142
pop of  35 H 2s        0.00069
pop of  35 H 2px       0.00106
pop of  35 H 2py       0.00106
pop of  35 H 2pz       0.00106
pop of  36 Li 1s        1.99937
pop of  36 Li 2s        0.58397
pop of  36 Li 3s        0.00287
pop of  36 Li 2px       0.03283
pop of  36 Li 2py       0.03283
pop of  36 Li 2pz       0.03283
pop of  37 H 1s        1.31143
pop of  37 H 2s        0.00069
pop of  37 H 2px       0.00106
pop of  37 H 2py       0.00106
pop of  37 H 2pz       0.00106
pop of  38 Li 1s        1.99937
pop of  38 Li 2s        0.58397
pop of  38 Li 3s        0.00287
pop of  38 Li 2px       0.03284
pop of  38 Li 2py       0.03284
pop of  38 Li 2pz       0.03283
pop of  39 H 1s        1.31142
pop of  39 H 2s        0.00069
pop of  39 H 2px       0.00106
pop of  39 H 2py       0.00106
pop of  39 H 2pz       0.00106
pop of  40 Li 1s        1.99937
pop of  40 Li 2s        0.58397
pop of  40 Li 3s        0.00287
pop of  40 Li 2px       0.03283
pop of  40 Li 2py       0.03283
pop of  40 Li 2pz       0.03283
pop of  41 H 1s        1.31142
pop of  41 H 2s        0.00069
pop of  41 H 2px       0.00106
pop of  41 H 2py       0.00106
pop of  41 H 2pz       0.00106
pop of  42 Li 1s        1.99937
pop of  42 Li 2s        0.58397
pop of  42 Li 3s        0.00287
pop of  42 Li 2px       0.03284
pop of  42 Li 2py       0.03283
pop of  42 Li 2pz       0.03284
pop of  43 H 1s        1.31142
pop of  43 H 2s        0.00069
pop of  43 H 2px       0.00106
pop of  43 H 2py       0.00106
pop of  43 H 2pz       0.00106
pop of  44 Li 1s        1.99937
pop of  44 Li 2s        0.58397
pop of  44 Li 3s        0.00287
pop of  44 Li 2px       0.03283
pop of  44 Li 2py       0.03284
pop of  44 Li 2pz       0.03284
pop of  45 H 1s        1.31143
pop of  45 H 2s        0.00069
pop of  45 H 2px       0.00106
pop of  45 H 2py       0.00106
pop of  45 H 2pz       0.00106
pop of  46 Li 1s        1.99937
pop of  46 Li 2s        0.58397
pop of  46 Li 3s        0.00287
pop of  46 Li 2px       0.03284
pop of  46 Li 2py       0.03283
pop of  46 Li 2pz       0.03284
pop of  47 H 1s        1.31142
pop of  47 H 2s        0.00069
pop of  47 H 2px       0.00106
pop of  47 H 2py       0.00106
pop of  47 H 2pz       0.00106
pop of  48 Li 1s        1.99937
pop of  48 Li 2s        0.58397
pop of  48 Li 3s        0.00287
pop of  48 Li 2px       0.03283
pop of  48 Li 2py       0.03283
pop of  48 Li 2pz       0.03283
pop of  49 H 1s        1.31142
pop of  49 H 2s        0.00069
pop of  49 H 2px       0.00106
pop of  49 H 2py       0.00106
pop of  49 H 2pz       0.00106
pop of  50 Li 1s        1.99937
pop of  50 Li 2s        0.58397
pop of  50 Li 3s        0.00287
pop of  50 Li 2px       0.03284
pop of  50 Li 2py       0.03284
pop of  50 Li 2pz       0.03283
pop of  51 H 1s        1.31142
pop of  51 H 2s        0.00069
pop of  51 H 2px       0.00106
pop of  51 H 2py       0.00106
pop of  51 H 2pz       0.00106
pop of  52 Li 1s        1.99937
pop of  52 Li 2s        0.58397
pop of  52 Li 3s        0.00287
pop of  52 Li 2px       0.03284
pop of  52 Li 2py       0.03284
pop of  52 Li 2pz       0.03284
pop of  53 H 1s        1.31145
pop of  53 H 2s        0.00069
pop of  53 H 2px       0.00106
pop of  53 H 2py       0.00106
pop of  53 H 2pz       0.00106
 ** Mulliken atomic charges  **
charge of  0Li =      0.31528
charge of  1H =     -0.31529
charge of  2Li =      0.31528
charge of  3H =     -0.31528
charge of  4Li =      0.31529
charge of  5H =     -0.31529
charge of  6Li =      0.31528
charge of  7H =     -0.31528
charge of  8Li =      0.31529
charge of  9H =     -0.31528
charge of  10Li =      0.31529
charge of  11H =     -0.31528
charge of  12Li =      0.31529
charge of  13H =     -0.31529
charge of  14Li =      0.31529
charge of  15H =     -0.31528
charge of  16Li =      0.31529
charge of  17H =     -0.31529
charge of  18Li =      0.31528
charge of  19H =     -0.31528
charge of  20Li =      0.31529
charge of  21H =     -0.31528
charge of  22Li =      0.31529
charge of  23H =     -0.31528
charge of  24Li =      0.31529
charge of  25H =     -0.31528
charge of  26Li =      0.31529
charge of  27H =     -0.31529
charge of  28Li =      0.31529
charge of  29H =     -0.31529
charge of  30Li =      0.31529
charge of  31H =     -0.31528
charge of  32Li =      0.31529
charge of  33H =     -0.31529
charge of  34Li =      0.31528
charge of  35H =     -0.31529
charge of  36Li =      0.31529
charge of  37H =     -0.31529
charge of  38Li =      0.31529
charge of  39H =     -0.31528
charge of  40Li =      0.31529
charge of  41H =     -0.31529
charge of  42Li =      0.31529
charge of  43H =     -0.31528
charge of  44Li =      0.31529
charge of  45H =     -0.31529
charge of  46Li =      0.31528
charge of  47H =     -0.31529
charge of  48Li =      0.31529
charge of  49H =     -0.31529
charge of  50Li =      0.31528
charge of  51H =     -0.31529
charge of  52Li =      0.31528
charge of  53H =     -0.31531
# Dump the mean-field information from a pyscf calculation (HF/DFT) into ./pyscf.h5
Mon Jun 26 18:35:16 EDT 2023
