 PySCF Reader: 
    - nbnd  = 88
    - nspin = 1
    - nkpts = 1
    - nelec = 32.0
    - ecutrho = 503.56963919088713
    - fft mesh: (90,90,90)

*******************************
 THC-ERI reader: 
*******************************
    - Np       = 704
    - intpts type: q_indep, cholesky
    - eri storage: incore
    - dump ERIs to thc_eri.h5

###### RPA energy routines start ######

One-electron energy:       -35.07157958005189 a.u.
Hartree-Fock energy:       -1.7257955809876386 a.u.
RPA energy:                -0.6052105522251017 a.u.
Total energy:              -37.40258571326463 a.u.

####### RPA energy routines end #######

