/*************************************************
 ********          ADD MESSAGE HERE       ********
 ********          ADD MESSAGE HERE       ********
 ********          ADD MESSAGE HERE       ********
 ********          ADD MESSAGE HERE       ********
 ********          ADD MESSAGE HERE       ********
 *************************************************

 PySCF Reader: 
    - nbnd  = 297
    - nspin = 1
    - nkpts = 1
    - nelec = 108.0
    - ecutrho = 503.56963919088713
    - fft mesh: (135,135,135)


 Generating truncated G-space grid:
   - size: 1426331

*******************************
 ERI::thc: 
*******************************
  -default Slate block size: 1024
  -default cholesky block size: 1


*******************************
 THC-ERI reader: 
*******************************
    - Np       = 2376
    - intpts type: q_indep, cholesky
    - eri storage: incore
    - dump ERIs to thc_eri.h5

*********************************************************************
  ISDF - fitting interpolating vectors to pair densities 
*********************************************************************
Number of q-points: 1
processor grid: (1,16,8)
block sizes: (1,148,1024)

***************************************************
                  Cholesky timers 
***************************************************
  Total:                   1260.758354943
    IO (save):             0.0
    IO (orbs):             188.83408002
    allocations:           0.0
    communications:        28.496833400000046
    fft:                   2.650632939
      - fft (planning):    2.247228535
    int. points:           739.101194686
      -orbs IO+FFT:        160.061596903
      -serial:             0.010363426999999991
      -iters:              578.775983175
    int. vectors:          209.941565067
      - gemm:              15.830996487
      - Tur:               86.984579379
      - Zur:               2.5453019980000002
      - extra:             0.000328282
      - ls solve:          99.53642699
    coulomb matrix:        41.255343633
***************************************************

*******************************
  Imaginary-Axis Fourier Transform: 
*******************************
    - Intermediate Representation
    - beta = 2000.0 a.u.
    - lambda = 100000.0
    - prec = 1e-15
    - nt_f, nt_b, nw_f, nw_b = 137, 137, 138, 137

###### RPA energy routines start ######

* Solving Green's function:
Initial chemical potential (mu) = 0.0, nelec = 107.99999999942753
Chemical potential found (mu) = 0.0 a.u.
Number of electrons per unit cell = 107.99999999942753
Dyson equation for Green's function:
  - processor grid for G/Self-energy: (w, k, i, j) = (32, 1, 2, 2)
  - block size: (w, k, i, j) = (1, 1, 148, 148)
IAFT leakage of Green's function: 3.7795404541037876e-13
* THC-Hartree-Fock routines begin:
Evaluation of HF matrix:
  - processor grid for density matrix:  (s, k, P, Q) = (1, 1, 16, 8)

***************************************************
                  THC-HF timers 
***************************************************
    Total:                 3.924738404 sec
    Allocations:           0.000990405 sec
    Primary_to_aux:        0.010779793 sec
    Coulomb:               3.849566355 sec
    Exchange:              0.024384021999999998 sec
    Aux_to_primary:        0.038796461 sec
***************************************************

***************************************************
                  THC-READER timers 
***************************************************
    BUILD:                1419.491950202 sec
    READ_X:               1.582e-06 sec
    READ_V:               3.809832209 sec
    PHASE:                0.0 sec
***************************************************

* THC-RPA energy routines begin:
Evaluation of the polarization function:
  - processor grid for G:  (t, k, P, Q) = (8, 1, 4, 4)
  - processor grid for Pi: (t, q, P, Q) = (8, 1, 4, 4)
IAFT leakage of polarizability: 2.955731430334844e-14
e_rpa_impl:
  - processor grid for Pi: (w, q, P, Q) = (8, 1, 4, 4)
  - block size: (w, q, P, Q) = (1, 1, 594, 594)

***************************************************
                  THC-RPA timers 
***************************************************
    Total:                 14.117238799 sec
    Alloc darray:          0.0 sec
    Alloc:                 2.225e-06 sec
    Communication:         0.0 sec
    Primary_to_aux:        1.1317252660000001 sec
    Evaluate Pi (R):       1.944963739 sec
      - Alloc:             0.5334588259999999 sec
      - FT:                0.0 sec
      - Hadamard product:  0.127579371 sec
    Evaluate RPA:          11.08653955 sec
    Imaginary FT tau->w:   1.085136287 sec
      - FT_REDISTRIBUTE:   0.455445219 sec
***************************************************

***************************************************
                  THC-READER timers 
***************************************************
    BUILD:                1419.491950202 sec
    READ_X:               8.685e-06 sec
    READ_V:               7.890996530000001 sec
    PHASE:                0.0 sec
***************************************************


One-electron energy:       -119.7044718555343 a.u.
Hartree-Fock energy:       -4.780561402660786 a.u.
RPA energy:                -2.0585049602781247 a.u.
Total energy:              -126.5435382184732 a.u.


***************************************************
                 RPA timers 
***************************************************
    Total:                19.255465091 sec
    Dyson:                0.970398992 sec
    RPA solvers:          18.043400176 sec
    Write:                0.044531699 sec
***************************************************

####### RPA energy routines end #######

